<?xml version="1.0" encoding="UTF-8"?>
<testng-results ignored="0" total="1" passed="1" failed="0" skipped="0">
  <reporter-output>
  </reporter-output>
  <suite started-at="2022-03-14T16:10:33 IST" name="Default suite" finished-at="2022-03-14T16:10:33 IST" duration-ms="51">
    <groups>
    </groups>
    <test started-at="2022-03-14T16:10:33 IST" name="Default test" finished-at="2022-03-14T16:10:33 IST" duration-ms="51">
      <class name="com.crm.OrganizationTest.ReadDataTest">
        <test-method signature="readdatatest()[pri:0, instance:com.crm.OrganizationTest.ReadDataTest@51f116b8]" started-at="2022-03-14T16:10:33 IST" name="readdatatest" finished-at="2022-03-14T16:10:33 IST" duration-ms="11" status="PASS">
          <reporter-output>
          </reporter-output>
        </test-method> <!-- readdatatest -->
      </class> <!-- com.crm.OrganizationTest.ReadDataTest -->
    </test> <!-- Default test -->
  </suite> <!-- Default suite -->
</testng-results>
